Determining if the pthread_create exist failed with the following output:
Change Dir: /home/dash/contracting/galois/Simbotic/ros/build/CMakeFiles/CMakeTmp

Run Build Command:"/usr/bin/make" "cmTC_6bc48/fast"
/usr/bin/make -f CMakeFiles/cmTC_6bc48.dir/build.make CMakeFiles/cmTC_6bc48.dir/build
make[1]: Entering directory '/home/dash/contracting/galois/Simbotic/ros/build/CMakeFiles/CMakeTmp'
Building C object CMakeFiles/cmTC_6bc48.dir/CheckSymbolExists.c.o
/usr/bin/cc     -o CMakeFiles/cmTC_6bc48.dir/CheckSymbolExists.c.o   -c /home/dash/contracting/galois/Simbotic/ros/build/CMakeFiles/CMakeTmp/CheckSymbolExists.c
Linking C executable cmTC_6bc48
/usr/bin/cmake -E cmake_link_script CMakeFiles/cmTC_6bc48.dir/link.txt --verbose=1
/usr/bin/cc       CMakeFiles/cmTC_6bc48.dir/CheckSymbolExists.c.o  -o cmTC_6bc48 -rdynamic 
CMakeFiles/cmTC_6bc48.dir/CheckSymbolExists.c.o: In function `main':
CheckSymbolExists.c:(.text+0x16): undefined reference to `pthread_create'
collect2: error: ld returned 1 exit status
CMakeFiles/cmTC_6bc48.dir/build.make:97: recipe for target 'cmTC_6bc48' failed
make[1]: *** [cmTC_6bc48] Error 1
make[1]: Leaving directory '/home/dash/contracting/galois/Simbotic/ros/build/CMakeFiles/CMakeTmp'
Makefile:126: recipe for target 'cmTC_6bc48/fast' failed
make: *** [cmTC_6bc48/fast] Error 2

File /home/dash/contracting/galois/Simbotic/ros/build/CMakeFiles/CMakeTmp/CheckSymbolExists.c:
/* */
#include <pthread.h>

int main(int argc, char** argv)
{
  (void)argv;
#ifndef pthread_create
  return ((int*)(&pthread_create))[argc];
#else
  (void)argc;
  return 0;
#endif
}

Determining if the function pthread_create exists in the pthreads failed with the following output:
Change Dir: /home/dash/contracting/galois/Simbotic/ros/build/CMakeFiles/CMakeTmp

Run Build Command:"/usr/bin/make" "cmTC_243ed/fast"
/usr/bin/make -f CMakeFiles/cmTC_243ed.dir/build.make CMakeFiles/cmTC_243ed.dir/build
make[1]: Entering directory '/home/dash/contracting/galois/Simbotic/ros/build/CMakeFiles/CMakeTmp'
Building C object CMakeFiles/cmTC_243ed.dir/CheckFunctionExists.c.o
/usr/bin/cc    -DCHECK_FUNCTION_EXISTS=pthread_create   -o CMakeFiles/cmTC_243ed.dir/CheckFunctionExists.c.o   -c /usr/share/cmake-3.5/Modules/CheckFunctionExists.c
Linking C executable cmTC_243ed
/usr/bin/cmake -E cmake_link_script CMakeFiles/cmTC_243ed.dir/link.txt --verbose=1
/usr/bin/cc   -DCHECK_FUNCTION_EXISTS=pthread_create    CMakeFiles/cmTC_243ed.dir/CheckFunctionExists.c.o  -o cmTC_243ed -rdynamic -lpthreads 
/usr/bin/ld: cannot find -lpthreads
collect2: error: ld returned 1 exit status
CMakeFiles/cmTC_243ed.dir/build.make:97: recipe for target 'cmTC_243ed' failed
make[1]: *** [cmTC_243ed] Error 1
make[1]: Leaving directory '/home/dash/contracting/galois/Simbotic/ros/build/CMakeFiles/CMakeTmp'
Makefile:126: recipe for target 'cmTC_243ed/fast' failed
make: *** [cmTC_243ed/fast] Error 2


